<?xml version="1.0" encoding="UTF-8"?>
<testng-results skipped="0" failed="0" total="2" passed="2">
  <reporter-output>
  </reporter-output>
  <suite name="Default suite" duration-ms="15915" started-at="2021-01-22T20:56:55Z" finished-at="2021-01-22T20:57:11Z">
    <groups>
    </groups>
    <test name="Default test" duration-ms="15915" started-at="2021-01-22T20:56:55Z" finished-at="2021-01-22T20:57:11Z">
      <class name="com.qa.test.GoogleNewslink">
        <test-method status="PASS" signature="launchApplication()[pri:1, instance:com.qa.test.GoogleNewslink@2ff4f00f]" name="launchApplication" duration-ms="8002" started-at="2021-01-22T12:56:55Z" finished-at="2021-01-22T12:57:03Z">
          <reporter-output>
          </reporter-output>
        </test-method> <!-- launchApplication -->
        <test-method status="PASS" signature="selectLinks()[pri:2, instance:com.qa.test.GoogleNewslink@2ff4f00f]" name="selectLinks" duration-ms="7892" started-at="2021-01-22T12:57:03Z" finished-at="2021-01-22T12:57:11Z">
          <reporter-output>
          </reporter-output>
        </test-method> <!-- selectLinks -->
      </class> <!-- com.qa.test.GoogleNewslink -->
    </test> <!-- Default test -->
  </suite> <!-- Default suite -->
</testng-results>
